<?xml version="1.0" encoding="UTF-8"?>
<!-- Generated by org.testng.reporters.JUnitReportReporter -->
<testsuite skipped="1" hostname="Aarkay" name="com.test.automation.UIAutomation.homepage.TC001_VerifyLoginWithInvalidCredentials" tests="2" failures="0" timestamp="20 Sep 2018 01:14:44 GMT" time="130.645" errors="0">
  <testcase name="project" time="64.733" classname="com.test.automation.UIAutomation.homepage.TC001_VerifyLoginWithInvalidCredentials"/>
  <testcase name="project" time="65.912" classname="com.test.automation.UIAutomation.homepage.TC001_VerifyLoginWithInvalidCredentials">
    <skipped/>
  </testcase> <!-- project -->
</testsuite> <!-- com.test.automation.UIAutomation.homepage.TC001_VerifyLoginWithInvalidCredentials -->
